2025-03-07T00:29:00.213+05:30  INFO 15749 --- [Crud Application] [SpringApplicationShutdownHook] o.s.b.w.e.tomcat.GracefulShutdown        : Commencing graceful shutdown. Waiting for active requests to complete
2025-03-07T00:29:00.227+05:30  INFO 15749 --- [Crud Application] [tomcat-shutdown] o.s.b.w.e.tomcat.GracefulShutdown        : Graceful shutdown complete
2025-03-07T00:29:00.237+05:30  INFO 15749 --- [Crud Application] [SpringApplicationShutdownHook] j.LocalContainerEntityManagerFactoryBean : Closing JPA EntityManagerFactory for persistence unit 'default'
2025-03-07T00:29:00.243+05:30  INFO 15749 --- [Crud Application] [SpringApplicationShutdownHook] com.zaxxer.hikari.HikariDataSource       : HikariPool-1 - Shutdown initiated...
2025-03-07T00:29:00.255+05:30  INFO 15749 --- [Crud Application] [SpringApplicationShutdownHook] com.zaxxer.hikari.HikariDataSource       : HikariPool-1 - Shutdown completed.
2025-03-07T00:29:03.823+05:30  INFO 17089 --- [Crud Application] [main] com.curd.demo.Crud.CrudApplication       : Starting CrudApplication using Java 21.0.6 with PID 17089 (/home/ubuntu/Desktop/SpringBoot_Ramup_Pratham_Singh/target/classes started by ubuntu in /home/ubuntu/Desktop/SpringBoot_Ramup_Pratham_Singh)
2025-03-07T00:29:03.827+05:30  INFO 17089 --- [Crud Application] [main] com.curd.demo.Crud.CrudApplication       : No active profile set, falling back to 1 default profile: "default"
2025-03-07T00:29:04.621+05:30  INFO 17089 --- [Crud Application] [main] .s.d.r.c.RepositoryConfigurationDelegate : Bootstrapping Spring Data JPA repositories in DEFAULT mode.
2025-03-07T00:29:04.674+05:30  INFO 17089 --- [Crud Application] [main] .s.d.r.c.RepositoryConfigurationDelegate : Finished Spring Data repository scanning in 45 ms. Found 1 JPA repository interface.
2025-03-07T00:29:05.194+05:30  INFO 17089 --- [Crud Application] [main] o.s.b.w.embedded.tomcat.TomcatWebServer  : Tomcat initialized with port 8080 (http)
2025-03-07T00:29:05.208+05:30  INFO 17089 --- [Crud Application] [main] o.apache.catalina.core.StandardService   : Starting service [Tomcat]
2025-03-07T00:29:05.208+05:30  INFO 17089 --- [Crud Application] [main] o.apache.catalina.core.StandardEngine    : Starting Servlet engine: [Apache Tomcat/10.1.36]
2025-03-07T00:29:05.245+05:30  INFO 17089 --- [Crud Application] [main] o.a.c.c.C.[Tomcat].[localhost].[/]       : Initializing Spring embedded WebApplicationContext
2025-03-07T00:29:05.246+05:30  INFO 17089 --- [Crud Application] [main] w.s.c.ServletWebServerApplicationContext : Root WebApplicationContext: initialization completed in 1356 ms
2025-03-07T00:29:05.501+05:30  INFO 17089 --- [Crud Application] [main] com.zaxxer.hikari.HikariDataSource       : HikariPool-1 - Starting...
2025-03-07T00:29:05.904+05:30  INFO 17089 --- [Crud Application] [main] com.zaxxer.hikari.pool.HikariPool        : HikariPool-1 - Added connection com.mysql.cj.jdbc.ConnectionImpl@31ab1e67
2025-03-07T00:29:05.905+05:30  INFO 17089 --- [Crud Application] [main] com.zaxxer.hikari.HikariDataSource       : HikariPool-1 - Start completed.
2025-03-07T00:29:05.950+05:30  INFO 17089 --- [Crud Application] [main] org.flywaydb.core.FlywayExecutor         : Database: jdbc:mysql://localhost:3306/mydb?createDatabaseIfNotExist=true (MySQL 8.0)
2025-03-07T00:29:05.993+05:30  INFO 17089 --- [Crud Application] [main] o.f.core.internal.command.DbValidate     : Successfully validated 1 migration (execution time 00:00.022s)
2025-03-07T00:29:06.014+05:30  INFO 17089 --- [Crud Application] [main] o.f.core.internal.command.DbMigrate      : Current version of schema `mydb`: 1
2025-03-07T00:29:06.014+05:30 ERROR 17089 --- [Crud Application] [main] o.f.core.internal.command.DbMigrate      : Schema `mydb` has version 1, but no migration could be resolved in the configured locations !
2025-03-07T00:29:06.018+05:30  INFO 17089 --- [Crud Application] [main] o.f.core.internal.command.DbMigrate      : Schema `mydb` is up to date. No migration necessary.
2025-03-07T00:29:06.101+05:30  INFO 17089 --- [Crud Application] [main] o.hibernate.jpa.internal.util.LogHelper  : HHH000204: Processing PersistenceUnitInfo [name: default]
2025-03-07T00:29:06.162+05:30  INFO 17089 --- [Crud Application] [main] org.hibernate.Version                    : HHH000412: Hibernate ORM core version 6.6.8.Final
2025-03-07T00:29:06.203+05:30  INFO 17089 --- [Crud Application] [main] o.h.c.internal.RegionFactoryInitiator    : HHH000026: Second-level cache disabled
2025-03-07T00:29:06.446+05:30  INFO 17089 --- [Crud Application] [main] o.s.o.j.p.SpringPersistenceUnitInfo      : No LoadTimeWeaver setup: ignoring JPA class transformer
2025-03-07T00:29:06.506+05:30  INFO 17089 --- [Crud Application] [main] org.hibernate.orm.connections.pooling    : HHH10001005: Database info:
	Database JDBC URL [Connecting through datasource 'HikariDataSource (HikariPool-1)']
	Database driver: undefined/unknown
	Database version: 8.0.41
	Autocommit mode: undefined/unknown
	Isolation level: undefined/unknown
	Minimum pool size: undefined/unknown
	Maximum pool size: undefined/unknown
2025-03-07T00:29:07.261+05:30  INFO 17089 --- [Crud Application] [main] o.h.e.t.j.p.i.JtaPlatformInitiator       : HHH000489: No JTA platform available (set 'hibernate.transaction.jta.platform' to enable JTA platform integration)
2025-03-07T00:29:07.295+05:30 ERROR 17089 --- [Crud Application] [main] j.LocalContainerEntityManagerFactoryBean : Failed to initialize JPA EntityManagerFactory: [PersistenceUnit: default] Unable to build Hibernate SessionFactory; nested exception is org.hibernate.tool.schema.spi.SchemaManagementException: Schema-validation: missing column [created_at] in table [users]
2025-03-07T00:29:07.296+05:30  WARN 17089 --- [Crud Application] [main] ConfigServletWebServerApplicationContext : Exception encountered during context initialization - cancelling refresh attempt: org.springframework.beans.factory.BeanCreationException: Error creating bean with name 'entityManagerFactory' defined in class path resource [org/springframework/boot/autoconfigure/orm/jpa/HibernateJpaConfiguration.class]: [PersistenceUnit: default] Unable to build Hibernate SessionFactory; nested exception is org.hibernate.tool.schema.spi.SchemaManagementException: Schema-validation: missing column [created_at] in table [users]
2025-03-07T00:29:07.297+05:30  INFO 17089 --- [Crud Application] [main] com.zaxxer.hikari.HikariDataSource       : HikariPool-1 - Shutdown initiated...
2025-03-07T00:29:07.303+05:30  INFO 17089 --- [Crud Application] [main] com.zaxxer.hikari.HikariDataSource       : HikariPool-1 - Shutdown completed.
2025-03-07T00:29:07.305+05:30  INFO 17089 --- [Crud Application] [main] o.apache.catalina.core.StandardService   : Stopping service [Tomcat]
2025-03-07T00:29:07.318+05:30  INFO 17089 --- [Crud Application] [main] .s.b.a.l.ConditionEvaluationReportLogger : 

Error starting ApplicationContext. To display the condition evaluation report re-run your application with 'debug' enabled.
2025-03-07T00:29:07.332+05:30 ERROR 17089 --- [Crud Application] [main] o.s.boot.SpringApplication               : Application run failed

org.springframework.beans.factory.BeanCreationException: Error creating bean with name 'entityManagerFactory' defined in class path resource [org/springframework/boot/autoconfigure/orm/jpa/HibernateJpaConfiguration.class]: [PersistenceUnit: default] Unable to build Hibernate SessionFactory; nested exception is org.hibernate.tool.schema.spi.SchemaManagementException: Schema-validation: missing column [created_at] in table [users]
	at org.springframework.beans.factory.support.AbstractAutowireCapableBeanFactory.initializeBean(AbstractAutowireCapableBeanFactory.java:1812) ~[spring-beans-6.2.3.jar:6.2.3]
	at org.springframework.beans.factory.support.AbstractAutowireCapableBeanFactory.doCreateBean(AbstractAutowireCapableBeanFactory.java:601) ~[spring-beans-6.2.3.jar:6.2.3]
	at org.springframework.beans.factory.support.AbstractAutowireCapableBeanFactory.createBean(AbstractAutowireCapableBeanFactory.java:523) ~[spring-beans-6.2.3.jar:6.2.3]
	at org.springframework.beans.factory.support.AbstractBeanFactory.lambda$doGetBean$0(AbstractBeanFactory.java:339) ~[spring-beans-6.2.3.jar:6.2.3]
	at org.springframework.beans.factory.support.DefaultSingletonBeanRegistry.getSingleton(DefaultSingletonBeanRegistry.java:346) ~[spring-beans-6.2.3.jar:6.2.3]
	at org.springframework.beans.factory.support.AbstractBeanFactory.doGetBean(AbstractBeanFactory.java:337) ~[spring-beans-6.2.3.jar:6.2.3]
	at org.springframework.beans.factory.support.AbstractBeanFactory.getBean(AbstractBeanFactory.java:207) ~[spring-beans-6.2.3.jar:6.2.3]
	at org.springframework.context.support.AbstractApplicationContext.finishBeanFactoryInitialization(AbstractApplicationContext.java:970) ~[spring-context-6.2.3.jar:6.2.3]
	at org.springframework.context.support.AbstractApplicationContext.refresh(AbstractApplicationContext.java:627) ~[spring-context-6.2.3.jar:6.2.3]
	at org.springframework.boot.web.servlet.context.ServletWebServerApplicationContext.refresh(ServletWebServerApplicationContext.java:146) ~[spring-boot-3.4.3.jar:3.4.3]
	at org.springframework.boot.SpringApplication.refresh(SpringApplication.java:752) ~[spring-boot-3.4.3.jar:3.4.3]
	at org.springframework.boot.SpringApplication.refreshContext(SpringApplication.java:439) ~[spring-boot-3.4.3.jar:3.4.3]
	at org.springframework.boot.SpringApplication.run(SpringApplication.java:318) ~[spring-boot-3.4.3.jar:3.4.3]
	at org.springframework.boot.SpringApplication.run(SpringApplication.java:1361) ~[spring-boot-3.4.3.jar:3.4.3]
	at org.springframework.boot.SpringApplication.run(SpringApplication.java:1350) ~[spring-boot-3.4.3.jar:3.4.3]
	at com.curd.demo.Crud.CrudApplication.main(CrudApplication.java:10) ~[classes/:na]
Caused by: jakarta.persistence.PersistenceException: [PersistenceUnit: default] Unable to build Hibernate SessionFactory; nested exception is org.hibernate.tool.schema.spi.SchemaManagementException: Schema-validation: missing column [created_at] in table [users]
	at org.springframework.orm.jpa.AbstractEntityManagerFactoryBean.buildNativeEntityManagerFactory(AbstractEntityManagerFactoryBean.java:431) ~[spring-orm-6.2.3.jar:6.2.3]
	at org.springframework.orm.jpa.AbstractEntityManagerFactoryBean.afterPropertiesSet(AbstractEntityManagerFactoryBean.java:400) ~[spring-orm-6.2.3.jar:6.2.3]
	at org.springframework.orm.jpa.LocalContainerEntityManagerFactoryBean.afterPropertiesSet(LocalContainerEntityManagerFactoryBean.java:366) ~[spring-orm-6.2.3.jar:6.2.3]
	at org.springframework.beans.factory.support.AbstractAutowireCapableBeanFactory.invokeInitMethods(AbstractAutowireCapableBeanFactory.java:1859) ~[spring-beans-6.2.3.jar:6.2.3]
	at org.springframework.beans.factory.support.AbstractAutowireCapableBeanFactory.initializeBean(AbstractAutowireCapableBeanFactory.java:1808) ~[spring-beans-6.2.3.jar:6.2.3]
	... 15 common frames omitted
Caused by: org.hibernate.tool.schema.spi.SchemaManagementException: Schema-validation: missing column [created_at] in table [users]
	at org.hibernate.tool.schema.internal.AbstractSchemaValidator.validateTable(AbstractSchemaValidator.java:149) ~[hibernate-core-6.6.8.Final.jar:6.6.8.Final]
	at org.hibernate.tool.schema.internal.GroupedSchemaValidatorImpl.validateTables(GroupedSchemaValidatorImpl.java:46) ~[hibernate-core-6.6.8.Final.jar:6.6.8.Final]
	at org.hibernate.tool.schema.internal.AbstractSchemaValidator.performValidation(AbstractSchemaValidator.java:99) ~[hibernate-core-6.6.8.Final.jar:6.6.8.Final]
	at org.hibernate.tool.schema.internal.AbstractSchemaValidator.doValidation(AbstractSchemaValidator.java:77) ~[hibernate-core-6.6.8.Final.jar:6.6.8.Final]
	at org.hibernate.tool.schema.spi.SchemaManagementToolCoordinator.performDatabaseAction(SchemaManagementToolCoordinator.java:289) ~[hibernate-core-6.6.8.Final.jar:6.6.8.Final]
	at org.hibernate.tool.schema.spi.SchemaManagementToolCoordinator.lambda$process$5(SchemaManagementToolCoordinator.java:144) ~[hibernate-core-6.6.8.Final.jar:6.6.8.Final]
	at java.base/java.util.HashMap.forEach(HashMap.java:1429) ~[na:na]
	at org.hibernate.tool.schema.spi.SchemaManagementToolCoordinator.process(SchemaManagementToolCoordinator.java:141) ~[hibernate-core-6.6.8.Final.jar:6.6.8.Final]
	at org.hibernate.boot.internal.SessionFactoryObserverForSchemaExport.sessionFactoryCreated(SessionFactoryObserverForSchemaExport.java:37) ~[hibernate-core-6.6.8.Final.jar:6.6.8.Final]
	at org.hibernate.internal.SessionFactoryObserverChain.sessionFactoryCreated(SessionFactoryObserverChain.java:35) ~[hibernate-core-6.6.8.Final.jar:6.6.8.Final]
	at org.hibernate.internal.SessionFactoryImpl.<init>(SessionFactoryImpl.java:324) ~[hibernate-core-6.6.8.Final.jar:6.6.8.Final]
	at org.hibernate.boot.internal.SessionFactoryBuilderImpl.build(SessionFactoryBuilderImpl.java:463) ~[hibernate-core-6.6.8.Final.jar:6.6.8.Final]
	at org.hibernate.jpa.boot.internal.EntityManagerFactoryBuilderImpl.build(EntityManagerFactoryBuilderImpl.java:1517) ~[hibernate-core-6.6.8.Final.jar:6.6.8.Final]
	at org.springframework.orm.jpa.vendor.SpringHibernateJpaPersistenceProvider.createContainerEntityManagerFactory(SpringHibernateJpaPersistenceProvider.java:66) ~[spring-orm-6.2.3.jar:6.2.3]
	at org.springframework.orm.jpa.LocalContainerEntityManagerFactoryBean.createNativeEntityManagerFactory(LocalContainerEntityManagerFactoryBean.java:390) ~[spring-orm-6.2.3.jar:6.2.3]
	at org.springframework.orm.jpa.AbstractEntityManagerFactoryBean.buildNativeEntityManagerFactory(AbstractEntityManagerFactoryBean.java:419) ~[spring-orm-6.2.3.jar:6.2.3]
	... 19 common frames omitted

2025-03-07T00:32:05.761+05:30  INFO 17233 --- [Crud Application] [main] com.curd.demo.Crud.CrudApplication       : Starting CrudApplication using Java 21.0.6 with PID 17233 (/home/ubuntu/Desktop/SpringBoot_Ramup_Pratham_Singh/target/classes started by ubuntu in /home/ubuntu/Desktop/SpringBoot_Ramup_Pratham_Singh)
2025-03-07T00:32:05.764+05:30  INFO 17233 --- [Crud Application] [main] com.curd.demo.Crud.CrudApplication       : No active profile set, falling back to 1 default profile: "default"
2025-03-07T00:32:06.394+05:30  INFO 17233 --- [Crud Application] [main] .s.d.r.c.RepositoryConfigurationDelegate : Bootstrapping Spring Data JPA repositories in DEFAULT mode.
2025-03-07T00:32:06.451+05:30  INFO 17233 --- [Crud Application] [main] .s.d.r.c.RepositoryConfigurationDelegate : Finished Spring Data repository scanning in 47 ms. Found 1 JPA repository interface.
2025-03-07T00:32:06.970+05:30  INFO 17233 --- [Crud Application] [main] o.s.b.w.embedded.tomcat.TomcatWebServer  : Tomcat initialized with port 8080 (http)
2025-03-07T00:32:06.984+05:30  INFO 17233 --- [Crud Application] [main] o.apache.catalina.core.StandardService   : Starting service [Tomcat]
2025-03-07T00:32:06.985+05:30  INFO 17233 --- [Crud Application] [main] o.apache.catalina.core.StandardEngine    : Starting Servlet engine: [Apache Tomcat/10.1.36]
2025-03-07T00:32:07.023+05:30  INFO 17233 --- [Crud Application] [main] o.a.c.c.C.[Tomcat].[localhost].[/]       : Initializing Spring embedded WebApplicationContext
2025-03-07T00:32:07.023+05:30  INFO 17233 --- [Crud Application] [main] w.s.c.ServletWebServerApplicationContext : Root WebApplicationContext: initialization completed in 1205 ms
2025-03-07T00:32:07.264+05:30  INFO 17233 --- [Crud Application] [main] com.zaxxer.hikari.HikariDataSource       : HikariPool-1 - Starting...
2025-03-07T00:32:07.683+05:30  INFO 17233 --- [Crud Application] [main] com.zaxxer.hikari.pool.HikariPool        : HikariPool-1 - Added connection com.mysql.cj.jdbc.ConnectionImpl@3b4ef59f
2025-03-07T00:32:07.685+05:30  INFO 17233 --- [Crud Application] [main] com.zaxxer.hikari.HikariDataSource       : HikariPool-1 - Start completed.
2025-03-07T00:32:07.725+05:30  INFO 17233 --- [Crud Application] [main] org.flywaydb.core.FlywayExecutor         : Database: jdbc:mysql://localhost:3306/mydb?createDatabaseIfNotExist=true (MySQL 8.0)
2025-03-07T00:32:07.768+05:30  INFO 17233 --- [Crud Application] [main] o.f.core.internal.command.DbValidate     : Successfully validated 1 migration (execution time 00:00.021s)
2025-03-07T00:32:07.790+05:30  INFO 17233 --- [Crud Application] [main] o.f.core.internal.command.DbMigrate      : Current version of schema `mydb`: 1
2025-03-07T00:32:07.790+05:30 ERROR 17233 --- [Crud Application] [main] o.f.core.internal.command.DbMigrate      : Schema `mydb` has version 1, but no migration could be resolved in the configured locations !
2025-03-07T00:32:07.794+05:30  INFO 17233 --- [Crud Application] [main] o.f.core.internal.command.DbMigrate      : Schema `mydb` is up to date. No migration necessary.
2025-03-07T00:32:07.910+05:30  INFO 17233 --- [Crud Application] [main] o.hibernate.jpa.internal.util.LogHelper  : HHH000204: Processing PersistenceUnitInfo [name: default]
2025-03-07T00:32:07.962+05:30  INFO 17233 --- [Crud Application] [main] org.hibernate.Version                    : HHH000412: Hibernate ORM core version 6.6.8.Final
2025-03-07T00:32:07.990+05:30  INFO 17233 --- [Crud Application] [main] o.h.c.internal.RegionFactoryInitiator    : HHH000026: Second-level cache disabled
2025-03-07T00:32:08.245+05:30  INFO 17233 --- [Crud Application] [main] o.s.o.j.p.SpringPersistenceUnitInfo      : No LoadTimeWeaver setup: ignoring JPA class transformer
2025-03-07T00:32:08.344+05:30  INFO 17233 --- [Crud Application] [main] org.hibernate.orm.connections.pooling    : HHH10001005: Database info:
	Database JDBC URL [Connecting through datasource 'HikariDataSource (HikariPool-1)']
	Database driver: undefined/unknown
	Database version: 8.0.41
	Autocommit mode: undefined/unknown
	Isolation level: undefined/unknown
	Minimum pool size: undefined/unknown
	Maximum pool size: undefined/unknown
2025-03-07T00:32:09.143+05:30  INFO 17233 --- [Crud Application] [main] o.h.e.t.j.p.i.JtaPlatformInitiator       : HHH000489: No JTA platform available (set 'hibernate.transaction.jta.platform' to enable JTA platform integration)
2025-03-07T00:32:09.179+05:30 ERROR 17233 --- [Crud Application] [main] j.LocalContainerEntityManagerFactoryBean : Failed to initialize JPA EntityManagerFactory: [PersistenceUnit: default] Unable to build Hibernate SessionFactory; nested exception is org.hibernate.tool.schema.spi.SchemaManagementException: Schema-validation: missing column [created_at] in table [users]
2025-03-07T00:32:09.180+05:30  WARN 17233 --- [Crud Application] [main] ConfigServletWebServerApplicationContext : Exception encountered during context initialization - cancelling refresh attempt: org.springframework.beans.factory.BeanCreationException: Error creating bean with name 'entityManagerFactory' defined in class path resource [org/springframework/boot/autoconfigure/orm/jpa/HibernateJpaConfiguration.class]: [PersistenceUnit: default] Unable to build Hibernate SessionFactory; nested exception is org.hibernate.tool.schema.spi.SchemaManagementException: Schema-validation: missing column [created_at] in table [users]
2025-03-07T00:32:09.181+05:30  INFO 17233 --- [Crud Application] [main] com.zaxxer.hikari.HikariDataSource       : HikariPool-1 - Shutdown initiated...
2025-03-07T00:32:09.187+05:30  INFO 17233 --- [Crud Application] [main] com.zaxxer.hikari.HikariDataSource       : HikariPool-1 - Shutdown completed.
2025-03-07T00:32:09.190+05:30  INFO 17233 --- [Crud Application] [main] o.apache.catalina.core.StandardService   : Stopping service [Tomcat]
2025-03-07T00:32:09.202+05:30  INFO 17233 --- [Crud Application] [main] .s.b.a.l.ConditionEvaluationReportLogger : 

Error starting ApplicationContext. To display the condition evaluation report re-run your application with 'debug' enabled.
2025-03-07T00:32:09.219+05:30 ERROR 17233 --- [Crud Application] [main] o.s.boot.SpringApplication               : Application run failed

org.springframework.beans.factory.BeanCreationException: Error creating bean with name 'entityManagerFactory' defined in class path resource [org/springframework/boot/autoconfigure/orm/jpa/HibernateJpaConfiguration.class]: [PersistenceUnit: default] Unable to build Hibernate SessionFactory; nested exception is org.hibernate.tool.schema.spi.SchemaManagementException: Schema-validation: missing column [created_at] in table [users]
	at org.springframework.beans.factory.support.AbstractAutowireCapableBeanFactory.initializeBean(AbstractAutowireCapableBeanFactory.java:1812) ~[spring-beans-6.2.3.jar:6.2.3]
	at org.springframework.beans.factory.support.AbstractAutowireCapableBeanFactory.doCreateBean(AbstractAutowireCapableBeanFactory.java:601) ~[spring-beans-6.2.3.jar:6.2.3]
	at org.springframework.beans.factory.support.AbstractAutowireCapableBeanFactory.createBean(AbstractAutowireCapableBeanFactory.java:523) ~[spring-beans-6.2.3.jar:6.2.3]
	at org.springframework.beans.factory.support.AbstractBeanFactory.lambda$doGetBean$0(AbstractBeanFactory.java:339) ~[spring-beans-6.2.3.jar:6.2.3]
	at org.springframework.beans.factory.support.DefaultSingletonBeanRegistry.getSingleton(DefaultSingletonBeanRegistry.java:346) ~[spring-beans-6.2.3.jar:6.2.3]
	at org.springframework.beans.factory.support.AbstractBeanFactory.doGetBean(AbstractBeanFactory.java:337) ~[spring-beans-6.2.3.jar:6.2.3]
	at org.springframework.beans.factory.support.AbstractBeanFactory.getBean(AbstractBeanFactory.java:207) ~[spring-beans-6.2.3.jar:6.2.3]
	at org.springframework.context.support.AbstractApplicationContext.finishBeanFactoryInitialization(AbstractApplicationContext.java:970) ~[spring-context-6.2.3.jar:6.2.3]
	at org.springframework.context.support.AbstractApplicationContext.refresh(AbstractApplicationContext.java:627) ~[spring-context-6.2.3.jar:6.2.3]
	at org.springframework.boot.web.servlet.context.ServletWebServerApplicationContext.refresh(ServletWebServerApplicationContext.java:146) ~[spring-boot-3.4.3.jar:3.4.3]
	at org.springframework.boot.SpringApplication.refresh(SpringApplication.java:752) ~[spring-boot-3.4.3.jar:3.4.3]
	at org.springframework.boot.SpringApplication.refreshContext(SpringApplication.java:439) ~[spring-boot-3.4.3.jar:3.4.3]
	at org.springframework.boot.SpringApplication.run(SpringApplication.java:318) ~[spring-boot-3.4.3.jar:3.4.3]
	at org.springframework.boot.SpringApplication.run(SpringApplication.java:1361) ~[spring-boot-3.4.3.jar:3.4.3]
	at org.springframework.boot.SpringApplication.run(SpringApplication.java:1350) ~[spring-boot-3.4.3.jar:3.4.3]
	at com.curd.demo.Crud.CrudApplication.main(CrudApplication.java:10) ~[classes/:na]
Caused by: jakarta.persistence.PersistenceException: [PersistenceUnit: default] Unable to build Hibernate SessionFactory; nested exception is org.hibernate.tool.schema.spi.SchemaManagementException: Schema-validation: missing column [created_at] in table [users]
	at org.springframework.orm.jpa.AbstractEntityManagerFactoryBean.buildNativeEntityManagerFactory(AbstractEntityManagerFactoryBean.java:431) ~[spring-orm-6.2.3.jar:6.2.3]
	at org.springframework.orm.jpa.AbstractEntityManagerFactoryBean.afterPropertiesSet(AbstractEntityManagerFactoryBean.java:400) ~[spring-orm-6.2.3.jar:6.2.3]
	at org.springframework.orm.jpa.LocalContainerEntityManagerFactoryBean.afterPropertiesSet(LocalContainerEntityManagerFactoryBean.java:366) ~[spring-orm-6.2.3.jar:6.2.3]
	at org.springframework.beans.factory.support.AbstractAutowireCapableBeanFactory.invokeInitMethods(AbstractAutowireCapableBeanFactory.java:1859) ~[spring-beans-6.2.3.jar:6.2.3]
	at org.springframework.beans.factory.support.AbstractAutowireCapableBeanFactory.initializeBean(AbstractAutowireCapableBeanFactory.java:1808) ~[spring-beans-6.2.3.jar:6.2.3]
	... 15 common frames omitted
Caused by: org.hibernate.tool.schema.spi.SchemaManagementException: Schema-validation: missing column [created_at] in table [users]
	at org.hibernate.tool.schema.internal.AbstractSchemaValidator.validateTable(AbstractSchemaValidator.java:149) ~[hibernate-core-6.6.8.Final.jar:6.6.8.Final]
	at org.hibernate.tool.schema.internal.GroupedSchemaValidatorImpl.validateTables(GroupedSchemaValidatorImpl.java:46) ~[hibernate-core-6.6.8.Final.jar:6.6.8.Final]
	at org.hibernate.tool.schema.internal.AbstractSchemaValidator.performValidation(AbstractSchemaValidator.java:99) ~[hibernate-core-6.6.8.Final.jar:6.6.8.Final]
	at org.hibernate.tool.schema.internal.AbstractSchemaValidator.doValidation(AbstractSchemaValidator.java:77) ~[hibernate-core-6.6.8.Final.jar:6.6.8.Final]
	at org.hibernate.tool.schema.spi.SchemaManagementToolCoordinator.performDatabaseAction(SchemaManagementToolCoordinator.java:289) ~[hibernate-core-6.6.8.Final.jar:6.6.8.Final]
	at org.hibernate.tool.schema.spi.SchemaManagementToolCoordinator.lambda$process$5(SchemaManagementToolCoordinator.java:144) ~[hibernate-core-6.6.8.Final.jar:6.6.8.Final]
	at java.base/java.util.HashMap.forEach(HashMap.java:1429) ~[na:na]
	at org.hibernate.tool.schema.spi.SchemaManagementToolCoordinator.process(SchemaManagementToolCoordinator.java:141) ~[hibernate-core-6.6.8.Final.jar:6.6.8.Final]
	at org.hibernate.boot.internal.SessionFactoryObserverForSchemaExport.sessionFactoryCreated(SessionFactoryObserverForSchemaExport.java:37) ~[hibernate-core-6.6.8.Final.jar:6.6.8.Final]
	at org.hibernate.internal.SessionFactoryObserverChain.sessionFactoryCreated(SessionFactoryObserverChain.java:35) ~[hibernate-core-6.6.8.Final.jar:6.6.8.Final]
	at org.hibernate.internal.SessionFactoryImpl.<init>(SessionFactoryImpl.java:324) ~[hibernate-core-6.6.8.Final.jar:6.6.8.Final]
	at org.hibernate.boot.internal.SessionFactoryBuilderImpl.build(SessionFactoryBuilderImpl.java:463) ~[hibernate-core-6.6.8.Final.jar:6.6.8.Final]
	at org.hibernate.jpa.boot.internal.EntityManagerFactoryBuilderImpl.build(EntityManagerFactoryBuilderImpl.java:1517) ~[hibernate-core-6.6.8.Final.jar:6.6.8.Final]
	at org.springframework.orm.jpa.vendor.SpringHibernateJpaPersistenceProvider.createContainerEntityManagerFactory(SpringHibernateJpaPersistenceProvider.java:66) ~[spring-orm-6.2.3.jar:6.2.3]
	at org.springframework.orm.jpa.LocalContainerEntityManagerFactoryBean.createNativeEntityManagerFactory(LocalContainerEntityManagerFactoryBean.java:390) ~[spring-orm-6.2.3.jar:6.2.3]
	at org.springframework.orm.jpa.AbstractEntityManagerFactoryBean.buildNativeEntityManagerFactory(AbstractEntityManagerFactoryBean.java:419) ~[spring-orm-6.2.3.jar:6.2.3]
	... 19 common frames omitted

2025-03-07T00:33:18.009+05:30  INFO 17359 --- [Crud Application] [main] com.curd.demo.Crud.CrudApplication       : Starting CrudApplication using Java 21.0.6 with PID 17359 (/home/ubuntu/Desktop/SpringBoot_Ramup_Pratham_Singh/target/classes started by ubuntu in /home/ubuntu/Desktop/SpringBoot_Ramup_Pratham_Singh)
2025-03-07T00:33:18.012+05:30  INFO 17359 --- [Crud Application] [main] com.curd.demo.Crud.CrudApplication       : No active profile set, falling back to 1 default profile: "default"
2025-03-07T00:33:18.690+05:30  INFO 17359 --- [Crud Application] [main] .s.d.r.c.RepositoryConfigurationDelegate : Bootstrapping Spring Data JPA repositories in DEFAULT mode.
2025-03-07T00:33:18.745+05:30  INFO 17359 --- [Crud Application] [main] .s.d.r.c.RepositoryConfigurationDelegate : Finished Spring Data repository scanning in 47 ms. Found 1 JPA repository interface.
2025-03-07T00:33:19.288+05:30  INFO 17359 --- [Crud Application] [main] o.s.b.w.embedded.tomcat.TomcatWebServer  : Tomcat initialized with port 8080 (http)
2025-03-07T00:33:19.304+05:30  INFO 17359 --- [Crud Application] [main] o.apache.catalina.core.StandardService   : Starting service [Tomcat]
2025-03-07T00:33:19.304+05:30  INFO 17359 --- [Crud Application] [main] o.apache.catalina.core.StandardEngine    : Starting Servlet engine: [Apache Tomcat/10.1.36]
2025-03-07T00:33:19.344+05:30  INFO 17359 --- [Crud Application] [main] o.a.c.c.C.[Tomcat].[localhost].[/]       : Initializing Spring embedded WebApplicationContext
2025-03-07T00:33:19.344+05:30  INFO 17359 --- [Crud Application] [main] w.s.c.ServletWebServerApplicationContext : Root WebApplicationContext: initialization completed in 1281 ms
2025-03-07T00:33:19.583+05:30  INFO 17359 --- [Crud Application] [main] com.zaxxer.hikari.HikariDataSource       : HikariPool-1 - Starting...
2025-03-07T00:33:19.926+05:30  INFO 17359 --- [Crud Application] [main] com.zaxxer.hikari.pool.HikariPool        : HikariPool-1 - Added connection com.mysql.cj.jdbc.ConnectionImpl@3b4ef59f
2025-03-07T00:33:19.928+05:30  INFO 17359 --- [Crud Application] [main] com.zaxxer.hikari.HikariDataSource       : HikariPool-1 - Start completed.
2025-03-07T00:33:19.983+05:30  INFO 17359 --- [Crud Application] [main] org.flywaydb.core.FlywayExecutor         : Database: jdbc:mysql://localhost:3306/mydb?createDatabaseIfNotExist=true (MySQL 8.0)
2025-03-07T00:33:20.038+05:30  INFO 17359 --- [Crud Application] [main] o.f.core.internal.command.DbValidate     : Successfully validated 1 migration (execution time 00:00.024s)
2025-03-07T00:33:20.063+05:30  INFO 17359 --- [Crud Application] [main] o.f.core.internal.command.DbMigrate      : Current version of schema `mydb`: 1
2025-03-07T00:33:20.063+05:30 ERROR 17359 --- [Crud Application] [main] o.f.core.internal.command.DbMigrate      : Schema `mydb` has version 1, but no migration could be resolved in the configured locations !
2025-03-07T00:33:20.066+05:30  INFO 17359 --- [Crud Application] [main] o.f.core.internal.command.DbMigrate      : Schema `mydb` is up to date. No migration necessary.
2025-03-07T00:33:20.153+05:30  INFO 17359 --- [Crud Application] [main] o.hibernate.jpa.internal.util.LogHelper  : HHH000204: Processing PersistenceUnitInfo [name: default]
2025-03-07T00:33:20.204+05:30  INFO 17359 --- [Crud Application] [main] org.hibernate.Version                    : HHH000412: Hibernate ORM core version 6.6.8.Final
2025-03-07T00:33:20.230+05:30  INFO 17359 --- [Crud Application] [main] o.h.c.internal.RegionFactoryInitiator    : HHH000026: Second-level cache disabled
2025-03-07T00:33:20.454+05:30  INFO 17359 --- [Crud Application] [main] o.s.o.j.p.SpringPersistenceUnitInfo      : No LoadTimeWeaver setup: ignoring JPA class transformer
2025-03-07T00:33:20.523+05:30  INFO 17359 --- [Crud Application] [main] org.hibernate.orm.connections.pooling    : HHH10001005: Database info:
	Database JDBC URL [Connecting through datasource 'HikariDataSource (HikariPool-1)']
	Database driver: undefined/unknown
	Database version: 8.0.41
	Autocommit mode: undefined/unknown
	Isolation level: undefined/unknown
	Minimum pool size: undefined/unknown
	Maximum pool size: undefined/unknown
2025-03-07T00:33:21.241+05:30  INFO 17359 --- [Crud Application] [main] o.h.e.t.j.p.i.JtaPlatformInitiator       : HHH000489: No JTA platform available (set 'hibernate.transaction.jta.platform' to enable JTA platform integration)
2025-03-07T00:33:21.270+05:30 ERROR 17359 --- [Crud Application] [main] j.LocalContainerEntityManagerFactoryBean : Failed to initialize JPA EntityManagerFactory: [PersistenceUnit: default] Unable to build Hibernate SessionFactory; nested exception is org.hibernate.tool.schema.spi.SchemaManagementException: Schema-validation: missing column [created_at] in table [users]
2025-03-07T00:33:21.271+05:30  WARN 17359 --- [Crud Application] [main] ConfigServletWebServerApplicationContext : Exception encountered during context initialization - cancelling refresh attempt: org.springframework.beans.factory.BeanCreationException: Error creating bean with name 'entityManagerFactory' defined in class path resource [org/springframework/boot/autoconfigure/orm/jpa/HibernateJpaConfiguration.class]: [PersistenceUnit: default] Unable to build Hibernate SessionFactory; nested exception is org.hibernate.tool.schema.spi.SchemaManagementException: Schema-validation: missing column [created_at] in table [users]
2025-03-07T00:33:21.271+05:30  INFO 17359 --- [Crud Application] [main] com.zaxxer.hikari.HikariDataSource       : HikariPool-1 - Shutdown initiated...
2025-03-07T00:33:21.278+05:30  INFO 17359 --- [Crud Application] [main] com.zaxxer.hikari.HikariDataSource       : HikariPool-1 - Shutdown completed.
2025-03-07T00:33:21.280+05:30  INFO 17359 --- [Crud Application] [main] o.apache.catalina.core.StandardService   : Stopping service [Tomcat]
2025-03-07T00:33:21.290+05:30  INFO 17359 --- [Crud Application] [main] .s.b.a.l.ConditionEvaluationReportLogger : 

Error starting ApplicationContext. To display the condition evaluation report re-run your application with 'debug' enabled.
2025-03-07T00:33:21.304+05:30 ERROR 17359 --- [Crud Application] [main] o.s.boot.SpringApplication               : Application run failed

org.springframework.beans.factory.BeanCreationException: Error creating bean with name 'entityManagerFactory' defined in class path resource [org/springframework/boot/autoconfigure/orm/jpa/HibernateJpaConfiguration.class]: [PersistenceUnit: default] Unable to build Hibernate SessionFactory; nested exception is org.hibernate.tool.schema.spi.SchemaManagementException: Schema-validation: missing column [created_at] in table [users]
	at org.springframework.beans.factory.support.AbstractAutowireCapableBeanFactory.initializeBean(AbstractAutowireCapableBeanFactory.java:1812) ~[spring-beans-6.2.3.jar:6.2.3]
	at org.springframework.beans.factory.support.AbstractAutowireCapableBeanFactory.doCreateBean(AbstractAutowireCapableBeanFactory.java:601) ~[spring-beans-6.2.3.jar:6.2.3]
	at org.springframework.beans.factory.support.AbstractAutowireCapableBeanFactory.createBean(AbstractAutowireCapableBeanFactory.java:523) ~[spring-beans-6.2.3.jar:6.2.3]
	at org.springframework.beans.factory.support.AbstractBeanFactory.lambda$doGetBean$0(AbstractBeanFactory.java:339) ~[spring-beans-6.2.3.jar:6.2.3]
	at org.springframework.beans.factory.support.DefaultSingletonBeanRegistry.getSingleton(DefaultSingletonBeanRegistry.java:346) ~[spring-beans-6.2.3.jar:6.2.3]
	at org.springframework.beans.factory.support.AbstractBeanFactory.doGetBean(AbstractBeanFactory.java:337) ~[spring-beans-6.2.3.jar:6.2.3]
	at org.springframework.beans.factory.support.AbstractBeanFactory.getBean(AbstractBeanFactory.java:207) ~[spring-beans-6.2.3.jar:6.2.3]
	at org.springframework.context.support.AbstractApplicationContext.finishBeanFactoryInitialization(AbstractApplicationContext.java:970) ~[spring-context-6.2.3.jar:6.2.3]
	at org.springframework.context.support.AbstractApplicationContext.refresh(AbstractApplicationContext.java:627) ~[spring-context-6.2.3.jar:6.2.3]
	at org.springframework.boot.web.servlet.context.ServletWebServerApplicationContext.refresh(ServletWebServerApplicationContext.java:146) ~[spring-boot-3.4.3.jar:3.4.3]
	at org.springframework.boot.SpringApplication.refresh(SpringApplication.java:752) ~[spring-boot-3.4.3.jar:3.4.3]
	at org.springframework.boot.SpringApplication.refreshContext(SpringApplication.java:439) ~[spring-boot-3.4.3.jar:3.4.3]
	at org.springframework.boot.SpringApplication.run(SpringApplication.java:318) ~[spring-boot-3.4.3.jar:3.4.3]
	at org.springframework.boot.SpringApplication.run(SpringApplication.java:1361) ~[spring-boot-3.4.3.jar:3.4.3]
	at org.springframework.boot.SpringApplication.run(SpringApplication.java:1350) ~[spring-boot-3.4.3.jar:3.4.3]
	at com.curd.demo.Crud.CrudApplication.main(CrudApplication.java:10) ~[classes/:na]
Caused by: jakarta.persistence.PersistenceException: [PersistenceUnit: default] Unable to build Hibernate SessionFactory; nested exception is org.hibernate.tool.schema.spi.SchemaManagementException: Schema-validation: missing column [created_at] in table [users]
	at org.springframework.orm.jpa.AbstractEntityManagerFactoryBean.buildNativeEntityManagerFactory(AbstractEntityManagerFactoryBean.java:431) ~[spring-orm-6.2.3.jar:6.2.3]
	at org.springframework.orm.jpa.AbstractEntityManagerFactoryBean.afterPropertiesSet(AbstractEntityManagerFactoryBean.java:400) ~[spring-orm-6.2.3.jar:6.2.3]
	at org.springframework.orm.jpa.LocalContainerEntityManagerFactoryBean.afterPropertiesSet(LocalContainerEntityManagerFactoryBean.java:366) ~[spring-orm-6.2.3.jar:6.2.3]
	at org.springframework.beans.factory.support.AbstractAutowireCapableBeanFactory.invokeInitMethods(AbstractAutowireCapableBeanFactory.java:1859) ~[spring-beans-6.2.3.jar:6.2.3]
	at org.springframework.beans.factory.support.AbstractAutowireCapableBeanFactory.initializeBean(AbstractAutowireCapableBeanFactory.java:1808) ~[spring-beans-6.2.3.jar:6.2.3]
	... 15 common frames omitted
Caused by: org.hibernate.tool.schema.spi.SchemaManagementException: Schema-validation: missing column [created_at] in table [users]
	at org.hibernate.tool.schema.internal.AbstractSchemaValidator.validateTable(AbstractSchemaValidator.java:149) ~[hibernate-core-6.6.8.Final.jar:6.6.8.Final]
	at org.hibernate.tool.schema.internal.GroupedSchemaValidatorImpl.validateTables(GroupedSchemaValidatorImpl.java:46) ~[hibernate-core-6.6.8.Final.jar:6.6.8.Final]
	at org.hibernate.tool.schema.internal.AbstractSchemaValidator.performValidation(AbstractSchemaValidator.java:99) ~[hibernate-core-6.6.8.Final.jar:6.6.8.Final]
	at org.hibernate.tool.schema.internal.AbstractSchemaValidator.doValidation(AbstractSchemaValidator.java:77) ~[hibernate-core-6.6.8.Final.jar:6.6.8.Final]
	at org.hibernate.tool.schema.spi.SchemaManagementToolCoordinator.performDatabaseAction(SchemaManagementToolCoordinator.java:289) ~[hibernate-core-6.6.8.Final.jar:6.6.8.Final]
	at org.hibernate.tool.schema.spi.SchemaManagementToolCoordinator.lambda$process$5(SchemaManagementToolCoordinator.java:144) ~[hibernate-core-6.6.8.Final.jar:6.6.8.Final]
	at java.base/java.util.HashMap.forEach(HashMap.java:1429) ~[na:na]
	at org.hibernate.tool.schema.spi.SchemaManagementToolCoordinator.process(SchemaManagementToolCoordinator.java:141) ~[hibernate-core-6.6.8.Final.jar:6.6.8.Final]
	at org.hibernate.boot.internal.SessionFactoryObserverForSchemaExport.sessionFactoryCreated(SessionFactoryObserverForSchemaExport.java:37) ~[hibernate-core-6.6.8.Final.jar:6.6.8.Final]
	at org.hibernate.internal.SessionFactoryObserverChain.sessionFactoryCreated(SessionFactoryObserverChain.java:35) ~[hibernate-core-6.6.8.Final.jar:6.6.8.Final]
	at org.hibernate.internal.SessionFactoryImpl.<init>(SessionFactoryImpl.java:324) ~[hibernate-core-6.6.8.Final.jar:6.6.8.Final]
	at org.hibernate.boot.internal.SessionFactoryBuilderImpl.build(SessionFactoryBuilderImpl.java:463) ~[hibernate-core-6.6.8.Final.jar:6.6.8.Final]
	at org.hibernate.jpa.boot.internal.EntityManagerFactoryBuilderImpl.build(EntityManagerFactoryBuilderImpl.java:1517) ~[hibernate-core-6.6.8.Final.jar:6.6.8.Final]
	at org.springframework.orm.jpa.vendor.SpringHibernateJpaPersistenceProvider.createContainerEntityManagerFactory(SpringHibernateJpaPersistenceProvider.java:66) ~[spring-orm-6.2.3.jar:6.2.3]
	at org.springframework.orm.jpa.LocalContainerEntityManagerFactoryBean.createNativeEntityManagerFactory(LocalContainerEntityManagerFactoryBean.java:390) ~[spring-orm-6.2.3.jar:6.2.3]
	at org.springframework.orm.jpa.AbstractEntityManagerFactoryBean.buildNativeEntityManagerFactory(AbstractEntityManagerFactoryBean.java:419) ~[spring-orm-6.2.3.jar:6.2.3]
	... 19 common frames omitted

2025-03-07T00:34:00.801+05:30  INFO 17465 --- [Crud Application] [main] com.curd.demo.Crud.CrudApplication       : Starting CrudApplication using Java 21.0.6 with PID 17465 (/home/ubuntu/Desktop/SpringBoot_Ramup_Pratham_Singh/target/classes started by ubuntu in /home/ubuntu/Desktop/SpringBoot_Ramup_Pratham_Singh)
2025-03-07T00:34:00.804+05:30  INFO 17465 --- [Crud Application] [main] com.curd.demo.Crud.CrudApplication       : No active profile set, falling back to 1 default profile: "default"
2025-03-07T00:34:01.486+05:30  INFO 17465 --- [Crud Application] [main] .s.d.r.c.RepositoryConfigurationDelegate : Bootstrapping Spring Data JPA repositories in DEFAULT mode.
2025-03-07T00:34:01.538+05:30  INFO 17465 --- [Crud Application] [main] .s.d.r.c.RepositoryConfigurationDelegate : Finished Spring Data repository scanning in 43 ms. Found 1 JPA repository interface.
2025-03-07T00:34:02.030+05:30  INFO 17465 --- [Crud Application] [main] o.s.b.w.embedded.tomcat.TomcatWebServer  : Tomcat initialized with port 8080 (http)
2025-03-07T00:34:02.044+05:30  INFO 17465 --- [Crud Application] [main] o.apache.catalina.core.StandardService   : Starting service [Tomcat]
2025-03-07T00:34:02.044+05:30  INFO 17465 --- [Crud Application] [main] o.apache.catalina.core.StandardEngine    : Starting Servlet engine: [Apache Tomcat/10.1.36]
2025-03-07T00:34:02.083+05:30  INFO 17465 --- [Crud Application] [main] o.a.c.c.C.[Tomcat].[localhost].[/]       : Initializing Spring embedded WebApplicationContext
2025-03-07T00:34:02.083+05:30  INFO 17465 --- [Crud Application] [main] w.s.c.ServletWebServerApplicationContext : Root WebApplicationContext: initialization completed in 1223 ms
2025-03-07T00:34:02.340+05:30  INFO 17465 --- [Crud Application] [main] com.zaxxer.hikari.HikariDataSource       : HikariPool-1 - Starting...
2025-03-07T00:34:02.659+05:30  INFO 17465 --- [Crud Application] [main] com.zaxxer.hikari.pool.HikariPool        : HikariPool-1 - Added connection com.mysql.cj.jdbc.ConnectionImpl@7739aac4
2025-03-07T00:34:02.661+05:30  INFO 17465 --- [Crud Application] [main] com.zaxxer.hikari.HikariDataSource       : HikariPool-1 - Start completed.
2025-03-07T00:34:02.707+05:30  INFO 17465 --- [Crud Application] [main] o.f.c.i.resource.ResourceNameValidator   : 2 SQL migrations were detected but not run because they did not follow the filename convention.
2025-03-07T00:34:02.707+05:30  INFO 17465 --- [Crud Application] [main] o.f.c.i.resource.ResourceNameValidator   : Set 'validateMigrationNaming' to true to fail fast and see a list of the invalid file names.
2025-03-07T00:34:02.719+05:30  INFO 17465 --- [Crud Application] [main] org.flywaydb.core.FlywayExecutor         : Database: jdbc:mysql://localhost:3306/mydb?createDatabaseIfNotExist=true (MySQL 8.0)
2025-03-07T00:34:02.800+05:30  INFO 17465 --- [Crud Application] [main] o.f.core.internal.command.DbValidate     : Successfully validated 1 migration (execution time 00:00.038s)
2025-03-07T00:34:02.828+05:30  INFO 17465 --- [Crud Application] [main] o.f.core.internal.command.DbMigrate      : Current version of schema `mydb`: 1
2025-03-07T00:34:02.829+05:30 ERROR 17465 --- [Crud Application] [main] o.f.core.internal.command.DbMigrate      : Schema `mydb` has version 1, but no migration could be resolved in the configured locations !
2025-03-07T00:34:02.833+05:30  INFO 17465 --- [Crud Application] [main] o.f.core.internal.command.DbMigrate      : Schema `mydb` is up to date. No migration necessary.
2025-03-07T00:34:02.937+05:30  INFO 17465 --- [Crud Application] [main] o.hibernate.jpa.internal.util.LogHelper  : HHH000204: Processing PersistenceUnitInfo [name: default]
2025-03-07T00:34:02.979+05:30  INFO 17465 --- [Crud Application] [main] org.hibernate.Version                    : HHH000412: Hibernate ORM core version 6.6.8.Final
2025-03-07T00:34:03.007+05:30  INFO 17465 --- [Crud Application] [main] o.h.c.internal.RegionFactoryInitiator    : HHH000026: Second-level cache disabled
2025-03-07T00:34:03.236+05:30  INFO 17465 --- [Crud Application] [main] o.s.o.j.p.SpringPersistenceUnitInfo      : No LoadTimeWeaver setup: ignoring JPA class transformer
2025-03-07T00:34:03.297+05:30  INFO 17465 --- [Crud Application] [main] org.hibernate.orm.connections.pooling    : HHH10001005: Database info:
	Database JDBC URL [Connecting through datasource 'HikariDataSource (HikariPool-1)']
	Database driver: undefined/unknown
	Database version: 8.0.41
	Autocommit mode: undefined/unknown
	Isolation level: undefined/unknown
	Minimum pool size: undefined/unknown
	Maximum pool size: undefined/unknown
2025-03-07T00:34:03.983+05:30  INFO 17465 --- [Crud Application] [main] o.h.e.t.j.p.i.JtaPlatformInitiator       : HHH000489: No JTA platform available (set 'hibernate.transaction.jta.platform' to enable JTA platform integration)
2025-03-07T00:34:04.012+05:30 ERROR 17465 --- [Crud Application] [main] j.LocalContainerEntityManagerFactoryBean : Failed to initialize JPA EntityManagerFactory: [PersistenceUnit: default] Unable to build Hibernate SessionFactory; nested exception is org.hibernate.tool.schema.spi.SchemaManagementException: Schema-validation: missing column [created_at] in table [users]
2025-03-07T00:34:04.013+05:30  WARN 17465 --- [Crud Application] [main] ConfigServletWebServerApplicationContext : Exception encountered during context initialization - cancelling refresh attempt: org.springframework.beans.factory.BeanCreationException: Error creating bean with name 'entityManagerFactory' defined in class path resource [org/springframework/boot/autoconfigure/orm/jpa/HibernateJpaConfiguration.class]: [PersistenceUnit: default] Unable to build Hibernate SessionFactory; nested exception is org.hibernate.tool.schema.spi.SchemaManagementException: Schema-validation: missing column [created_at] in table [users]
2025-03-07T00:34:04.013+05:30  INFO 17465 --- [Crud Application] [main] com.zaxxer.hikari.HikariDataSource       : HikariPool-1 - Shutdown initiated...
2025-03-07T00:34:04.020+05:30  INFO 17465 --- [Crud Application] [main] com.zaxxer.hikari.HikariDataSource       : HikariPool-1 - Shutdown completed.
2025-03-07T00:34:04.022+05:30  INFO 17465 --- [Crud Application] [main] o.apache.catalina.core.StandardService   : Stopping service [Tomcat]
2025-03-07T00:34:04.032+05:30  INFO 17465 --- [Crud Application] [main] .s.b.a.l.ConditionEvaluationReportLogger : 

Error starting ApplicationContext. To display the condition evaluation report re-run your application with 'debug' enabled.
2025-03-07T00:34:04.046+05:30 ERROR 17465 --- [Crud Application] [main] o.s.boot.SpringApplication               : Application run failed

org.springframework.beans.factory.BeanCreationException: Error creating bean with name 'entityManagerFactory' defined in class path resource [org/springframework/boot/autoconfigure/orm/jpa/HibernateJpaConfiguration.class]: [PersistenceUnit: default] Unable to build Hibernate SessionFactory; nested exception is org.hibernate.tool.schema.spi.SchemaManagementException: Schema-validation: missing column [created_at] in table [users]
	at org.springframework.beans.factory.support.AbstractAutowireCapableBeanFactory.initializeBean(AbstractAutowireCapableBeanFactory.java:1812) ~[spring-beans-6.2.3.jar:6.2.3]
	at org.springframework.beans.factory.support.AbstractAutowireCapableBeanFactory.doCreateBean(AbstractAutowireCapableBeanFactory.java:601) ~[spring-beans-6.2.3.jar:6.2.3]
	at org.springframework.beans.factory.support.AbstractAutowireCapableBeanFactory.createBean(AbstractAutowireCapableBeanFactory.java:523) ~[spring-beans-6.2.3.jar:6.2.3]
	at org.springframework.beans.factory.support.AbstractBeanFactory.lambda$doGetBean$0(AbstractBeanFactory.java:339) ~[spring-beans-6.2.3.jar:6.2.3]
	at org.springframework.beans.factory.support.DefaultSingletonBeanRegistry.getSingleton(DefaultSingletonBeanRegistry.java:346) ~[spring-beans-6.2.3.jar:6.2.3]
	at org.springframework.beans.factory.support.AbstractBeanFactory.doGetBean(AbstractBeanFactory.java:337) ~[spring-beans-6.2.3.jar:6.2.3]
	at org.springframework.beans.factory.support.AbstractBeanFactory.getBean(AbstractBeanFactory.java:207) ~[spring-beans-6.2.3.jar:6.2.3]
	at org.springframework.context.support.AbstractApplicationContext.finishBeanFactoryInitialization(AbstractApplicationContext.java:970) ~[spring-context-6.2.3.jar:6.2.3]
	at org.springframework.context.support.AbstractApplicationContext.refresh(AbstractApplicationContext.java:627) ~[spring-context-6.2.3.jar:6.2.3]
	at org.springframework.boot.web.servlet.context.ServletWebServerApplicationContext.refresh(ServletWebServerApplicationContext.java:146) ~[spring-boot-3.4.3.jar:3.4.3]
	at org.springframework.boot.SpringApplication.refresh(SpringApplication.java:752) ~[spring-boot-3.4.3.jar:3.4.3]
	at org.springframework.boot.SpringApplication.refreshContext(SpringApplication.java:439) ~[spring-boot-3.4.3.jar:3.4.3]
	at org.springframework.boot.SpringApplication.run(SpringApplication.java:318) ~[spring-boot-3.4.3.jar:3.4.3]
	at org.springframework.boot.SpringApplication.run(SpringApplication.java:1361) ~[spring-boot-3.4.3.jar:3.4.3]
	at org.springframework.boot.SpringApplication.run(SpringApplication.java:1350) ~[spring-boot-3.4.3.jar:3.4.3]
	at com.curd.demo.Crud.CrudApplication.main(CrudApplication.java:10) ~[classes/:na]
Caused by: jakarta.persistence.PersistenceException: [PersistenceUnit: default] Unable to build Hibernate SessionFactory; nested exception is org.hibernate.tool.schema.spi.SchemaManagementException: Schema-validation: missing column [created_at] in table [users]
	at org.springframework.orm.jpa.AbstractEntityManagerFactoryBean.buildNativeEntityManagerFactory(AbstractEntityManagerFactoryBean.java:431) ~[spring-orm-6.2.3.jar:6.2.3]
	at org.springframework.orm.jpa.AbstractEntityManagerFactoryBean.afterPropertiesSet(AbstractEntityManagerFactoryBean.java:400) ~[spring-orm-6.2.3.jar:6.2.3]
	at org.springframework.orm.jpa.LocalContainerEntityManagerFactoryBean.afterPropertiesSet(LocalContainerEntityManagerFactoryBean.java:366) ~[spring-orm-6.2.3.jar:6.2.3]
	at org.springframework.beans.factory.support.AbstractAutowireCapableBeanFactory.invokeInitMethods(AbstractAutowireCapableBeanFactory.java:1859) ~[spring-beans-6.2.3.jar:6.2.3]
	at org.springframework.beans.factory.support.AbstractAutowireCapableBeanFactory.initializeBean(AbstractAutowireCapableBeanFactory.java:1808) ~[spring-beans-6.2.3.jar:6.2.3]
	... 15 common frames omitted
Caused by: org.hibernate.tool.schema.spi.SchemaManagementException: Schema-validation: missing column [created_at] in table [users]
	at org.hibernate.tool.schema.internal.AbstractSchemaValidator.validateTable(AbstractSchemaValidator.java:149) ~[hibernate-core-6.6.8.Final.jar:6.6.8.Final]
	at org.hibernate.tool.schema.internal.GroupedSchemaValidatorImpl.validateTables(GroupedSchemaValidatorImpl.java:46) ~[hibernate-core-6.6.8.Final.jar:6.6.8.Final]
	at org.hibernate.tool.schema.internal.AbstractSchemaValidator.performValidation(AbstractSchemaValidator.java:99) ~[hibernate-core-6.6.8.Final.jar:6.6.8.Final]
	at org.hibernate.tool.schema.internal.AbstractSchemaValidator.doValidation(AbstractSchemaValidator.java:77) ~[hibernate-core-6.6.8.Final.jar:6.6.8.Final]
	at org.hibernate.tool.schema.spi.SchemaManagementToolCoordinator.performDatabaseAction(SchemaManagementToolCoordinator.java:289) ~[hibernate-core-6.6.8.Final.jar:6.6.8.Final]
	at org.hibernate.tool.schema.spi.SchemaManagementToolCoordinator.lambda$process$5(SchemaManagementToolCoordinator.java:144) ~[hibernate-core-6.6.8.Final.jar:6.6.8.Final]
	at java.base/java.util.HashMap.forEach(HashMap.java:1429) ~[na:na]
	at org.hibernate.tool.schema.spi.SchemaManagementToolCoordinator.process(SchemaManagementToolCoordinator.java:141) ~[hibernate-core-6.6.8.Final.jar:6.6.8.Final]
	at org.hibernate.boot.internal.SessionFactoryObserverForSchemaExport.sessionFactoryCreated(SessionFactoryObserverForSchemaExport.java:37) ~[hibernate-core-6.6.8.Final.jar:6.6.8.Final]
	at org.hibernate.internal.SessionFactoryObserverChain.sessionFactoryCreated(SessionFactoryObserverChain.java:35) ~[hibernate-core-6.6.8.Final.jar:6.6.8.Final]
	at org.hibernate.internal.SessionFactoryImpl.<init>(SessionFactoryImpl.java:324) ~[hibernate-core-6.6.8.Final.jar:6.6.8.Final]
	at org.hibernate.boot.internal.SessionFactoryBuilderImpl.build(SessionFactoryBuilderImpl.java:463) ~[hibernate-core-6.6.8.Final.jar:6.6.8.Final]
	at org.hibernate.jpa.boot.internal.EntityManagerFactoryBuilderImpl.build(EntityManagerFactoryBuilderImpl.java:1517) ~[hibernate-core-6.6.8.Final.jar:6.6.8.Final]
	at org.springframework.orm.jpa.vendor.SpringHibernateJpaPersistenceProvider.createContainerEntityManagerFactory(SpringHibernateJpaPersistenceProvider.java:66) ~[spring-orm-6.2.3.jar:6.2.3]
	at org.springframework.orm.jpa.LocalContainerEntityManagerFactoryBean.createNativeEntityManagerFactory(LocalContainerEntityManagerFactoryBean.java:390) ~[spring-orm-6.2.3.jar:6.2.3]
	at org.springframework.orm.jpa.AbstractEntityManagerFactoryBean.buildNativeEntityManagerFactory(AbstractEntityManagerFactoryBean.java:419) ~[spring-orm-6.2.3.jar:6.2.3]
	... 19 common frames omitted

2025-03-07T00:35:06.722+05:30  INFO 17600 --- [Crud Application] [main] com.curd.demo.Crud.CrudApplication       : Starting CrudApplication using Java 21.0.6 with PID 17600 (/home/ubuntu/Desktop/SpringBoot_Ramup_Pratham_Singh/target/classes started by ubuntu in /home/ubuntu/Desktop/SpringBoot_Ramup_Pratham_Singh)
2025-03-07T00:35:06.724+05:30  INFO 17600 --- [Crud Application] [main] com.curd.demo.Crud.CrudApplication       : No active profile set, falling back to 1 default profile: "default"
2025-03-07T00:35:07.394+05:30  INFO 17600 --- [Crud Application] [main] .s.d.r.c.RepositoryConfigurationDelegate : Bootstrapping Spring Data JPA repositories in DEFAULT mode.
2025-03-07T00:35:07.448+05:30  INFO 17600 --- [Crud Application] [main] .s.d.r.c.RepositoryConfigurationDelegate : Finished Spring Data repository scanning in 43 ms. Found 1 JPA repository interface.
2025-03-07T00:35:07.984+05:30  INFO 17600 --- [Crud Application] [main] o.s.b.w.embedded.tomcat.TomcatWebServer  : Tomcat initialized with port 8080 (http)
2025-03-07T00:35:08.002+05:30  INFO 17600 --- [Crud Application] [main] o.apache.catalina.core.StandardService   : Starting service [Tomcat]
2025-03-07T00:35:08.003+05:30  INFO 17600 --- [Crud Application] [main] o.apache.catalina.core.StandardEngine    : Starting Servlet engine: [Apache Tomcat/10.1.36]
2025-03-07T00:35:08.047+05:30  INFO 17600 --- [Crud Application] [main] o.a.c.c.C.[Tomcat].[localhost].[/]       : Initializing Spring embedded WebApplicationContext
2025-03-07T00:35:08.048+05:30  INFO 17600 --- [Crud Application] [main] w.s.c.ServletWebServerApplicationContext : Root WebApplicationContext: initialization completed in 1270 ms
2025-03-07T00:35:08.356+05:30  INFO 17600 --- [Crud Application] [main] com.zaxxer.hikari.HikariDataSource       : HikariPool-1 - Starting...
2025-03-07T00:35:08.704+05:30  INFO 17600 --- [Crud Application] [main] com.zaxxer.hikari.pool.HikariPool        : HikariPool-1 - Added connection com.mysql.cj.jdbc.ConnectionImpl@1785d194
2025-03-07T00:35:08.706+05:30  INFO 17600 --- [Crud Application] [main] com.zaxxer.hikari.HikariDataSource       : HikariPool-1 - Start completed.
2025-03-07T00:35:08.747+05:30  INFO 17600 --- [Crud Application] [main] org.flywaydb.core.FlywayExecutor         : Database: jdbc:mysql://localhost:3306/mydb?createDatabaseIfNotExist=true (MySQL 8.0)
2025-03-07T00:35:08.803+05:30  INFO 17600 --- [Crud Application] [main] o.f.core.internal.command.DbValidate     : Successfully validated 2 migrations (execution time 00:00.030s)
2025-03-07T00:35:08.825+05:30  INFO 17600 --- [Crud Application] [main] o.f.core.internal.command.DbMigrate      : Current version of schema `mydb`: 1
2025-03-07T00:35:08.843+05:30  INFO 17600 --- [Crud Application] [main] o.f.core.internal.command.DbMigrate      : Migrating schema `mydb` to version "2 - addTimestamps in user"
2025-03-07T00:35:08.898+05:30  INFO 17600 --- [Crud Application] [main] o.f.core.internal.command.DbMigrate      : Successfully applied 1 migration to schema `mydb`, now at version v2 (execution time 00:00.024s)
2025-03-07T00:35:09.013+05:30  INFO 17600 --- [Crud Application] [main] o.hibernate.jpa.internal.util.LogHelper  : HHH000204: Processing PersistenceUnitInfo [name: default]
2025-03-07T00:35:09.051+05:30  INFO 17600 --- [Crud Application] [main] org.hibernate.Version                    : HHH000412: Hibernate ORM core version 6.6.8.Final
2025-03-07T00:35:09.083+05:30  INFO 17600 --- [Crud Application] [main] o.h.c.internal.RegionFactoryInitiator    : HHH000026: Second-level cache disabled
2025-03-07T00:35:09.335+05:30  INFO 17600 --- [Crud Application] [main] o.s.o.j.p.SpringPersistenceUnitInfo      : No LoadTimeWeaver setup: ignoring JPA class transformer
2025-03-07T00:35:09.431+05:30  INFO 17600 --- [Crud Application] [main] org.hibernate.orm.connections.pooling    : HHH10001005: Database info:
	Database JDBC URL [Connecting through datasource 'HikariDataSource (HikariPool-1)']
	Database driver: undefined/unknown
	Database version: 8.0.41
	Autocommit mode: undefined/unknown
	Isolation level: undefined/unknown
	Minimum pool size: undefined/unknown
	Maximum pool size: undefined/unknown
2025-03-07T00:35:10.212+05:30  INFO 17600 --- [Crud Application] [main] o.h.e.t.j.p.i.JtaPlatformInitiator       : HHH000489: No JTA platform available (set 'hibernate.transaction.jta.platform' to enable JTA platform integration)
2025-03-07T00:35:10.241+05:30  INFO 17600 --- [Crud Application] [main] j.LocalContainerEntityManagerFactoryBean : Initialized JPA EntityManagerFactory for persistence unit 'default'
2025-03-07T00:35:10.474+05:30  INFO 17600 --- [Crud Application] [main] o.s.d.j.r.query.QueryEnhancerFactory     : Hibernate is in classpath; If applicable, HQL parser will be used.
2025-03-07T00:35:10.555+05:30  WARN 17600 --- [Crud Application] [main] JpaBaseConfiguration$JpaWebConfiguration : spring.jpa.open-in-view is enabled by default. Therefore, database queries may be performed during view rendering. Explicitly configure spring.jpa.open-in-view to disable this warning
2025-03-07T00:35:10.867+05:30  INFO 17600 --- [Crud Application] [main] o.s.b.w.embedded.tomcat.TomcatWebServer  : Tomcat started on port 8080 (http) with context path '/'
2025-03-07T00:35:10.876+05:30  INFO 17600 --- [Crud Application] [main] com.curd.demo.Crud.CrudApplication       : Started CrudApplication in 4.698 seconds (process running for 5.061)
2025-03-07T00:35:55.730+05:30  INFO 17600 --- [Crud Application] [http-nio-8080-exec-1] o.a.c.c.C.[Tomcat].[localhost].[/]       : Initializing Spring DispatcherServlet 'dispatcherServlet'
2025-03-07T00:35:55.731+05:30  INFO 17600 --- [Crud Application] [http-nio-8080-exec-1] o.s.web.servlet.DispatcherServlet        : Initializing Servlet 'dispatcherServlet'
2025-03-07T00:35:55.733+05:30  INFO 17600 --- [Crud Application] [http-nio-8080-exec-1] o.s.web.servlet.DispatcherServlet        : Completed initialization in 2 ms
2025-03-07T00:40:25.365+05:30  INFO 17600 --- [Crud Application] [SpringApplicationShutdownHook] o.s.b.w.e.tomcat.GracefulShutdown        : Commencing graceful shutdown. Waiting for active requests to complete
2025-03-07T00:40:25.370+05:30  INFO 17600 --- [Crud Application] [tomcat-shutdown] o.s.b.w.e.tomcat.GracefulShutdown        : Graceful shutdown complete
2025-03-07T00:40:25.377+05:30  INFO 17600 --- [Crud Application] [SpringApplicationShutdownHook] j.LocalContainerEntityManagerFactoryBean : Closing JPA EntityManagerFactory for persistence unit 'default'
2025-03-07T00:40:25.381+05:30  INFO 17600 --- [Crud Application] [SpringApplicationShutdownHook] com.zaxxer.hikari.HikariDataSource       : HikariPool-1 - Shutdown initiated...
2025-03-07T00:40:25.395+05:30  INFO 17600 --- [Crud Application] [SpringApplicationShutdownHook] com.zaxxer.hikari.HikariDataSource       : HikariPool-1 - Shutdown completed.
2025-03-07T00:40:28.597+05:30  INFO 17833 --- [Crud Application] [main] com.curd.demo.Crud.CrudApplication       : Starting CrudApplication using Java 21.0.6 with PID 17833 (/home/ubuntu/Desktop/SpringBoot_Ramup_Pratham_Singh/target/classes started by ubuntu in /home/ubuntu/Desktop/SpringBoot_Ramup_Pratham_Singh)
2025-03-07T00:40:28.600+05:30  INFO 17833 --- [Crud Application] [main] com.curd.demo.Crud.CrudApplication       : No active profile set, falling back to 1 default profile: "default"
2025-03-07T00:40:29.242+05:30  INFO 17833 --- [Crud Application] [main] .s.d.r.c.RepositoryConfigurationDelegate : Bootstrapping Spring Data JPA repositories in DEFAULT mode.
2025-03-07T00:40:29.298+05:30  INFO 17833 --- [Crud Application] [main] .s.d.r.c.RepositoryConfigurationDelegate : Finished Spring Data repository scanning in 48 ms. Found 1 JPA repository interface.
2025-03-07T00:40:29.789+05:30  INFO 17833 --- [Crud Application] [main] o.s.b.w.embedded.tomcat.TomcatWebServer  : Tomcat initialized with port 8080 (http)
2025-03-07T00:40:29.801+05:30  INFO 17833 --- [Crud Application] [main] o.apache.catalina.core.StandardService   : Starting service [Tomcat]
2025-03-07T00:40:29.802+05:30  INFO 17833 --- [Crud Application] [main] o.apache.catalina.core.StandardEngine    : Starting Servlet engine: [Apache Tomcat/10.1.36]
2025-03-07T00:40:29.839+05:30  INFO 17833 --- [Crud Application] [main] o.a.c.c.C.[Tomcat].[localhost].[/]       : Initializing Spring embedded WebApplicationContext
2025-03-07T00:40:29.839+05:30  INFO 17833 --- [Crud Application] [main] w.s.c.ServletWebServerApplicationContext : Root WebApplicationContext: initialization completed in 1185 ms
2025-03-07T00:40:30.061+05:30  INFO 17833 --- [Crud Application] [main] com.zaxxer.hikari.HikariDataSource       : HikariPool-1 - Starting...
2025-03-07T00:40:30.400+05:30  INFO 17833 --- [Crud Application] [main] com.zaxxer.hikari.pool.HikariPool        : HikariPool-1 - Added connection com.mysql.cj.jdbc.ConnectionImpl@5d1bdd4a
2025-03-07T00:40:30.403+05:30  INFO 17833 --- [Crud Application] [main] com.zaxxer.hikari.HikariDataSource       : HikariPool-1 - Start completed.
2025-03-07T00:40:30.448+05:30  INFO 17833 --- [Crud Application] [main] org.flywaydb.core.FlywayExecutor         : Database: jdbc:mysql://localhost:3306/mydb?createDatabaseIfNotExist=true (MySQL 8.0)
2025-03-07T00:40:30.504+05:30  INFO 17833 --- [Crud Application] [main] o.f.core.internal.command.DbValidate     : Successfully validated 2 migrations (execution time 00:00.030s)
2025-03-07T00:40:30.527+05:30  INFO 17833 --- [Crud Application] [main] o.f.core.internal.command.DbMigrate      : Current version of schema `mydb`: 2
2025-03-07T00:40:30.531+05:30  INFO 17833 --- [Crud Application] [main] o.f.core.internal.command.DbMigrate      : Schema `mydb` is up to date. No migration necessary.
2025-03-07T00:40:30.634+05:30  INFO 17833 --- [Crud Application] [main] o.hibernate.jpa.internal.util.LogHelper  : HHH000204: Processing PersistenceUnitInfo [name: default]
2025-03-07T00:40:30.679+05:30  INFO 17833 --- [Crud Application] [main] org.hibernate.Version                    : HHH000412: Hibernate ORM core version 6.6.8.Final
2025-03-07T00:40:30.704+05:30  INFO 17833 --- [Crud Application] [main] o.h.c.internal.RegionFactoryInitiator    : HHH000026: Second-level cache disabled
2025-03-07T00:40:30.969+05:30  INFO 17833 --- [Crud Application] [main] o.s.o.j.p.SpringPersistenceUnitInfo      : No LoadTimeWeaver setup: ignoring JPA class transformer
2025-03-07T00:40:31.038+05:30  INFO 17833 --- [Crud Application] [main] org.hibernate.orm.connections.pooling    : HHH10001005: Database info:
	Database JDBC URL [Connecting through datasource 'HikariDataSource (HikariPool-1)']
	Database driver: undefined/unknown
	Database version: 8.0.41
	Autocommit mode: undefined/unknown
	Isolation level: undefined/unknown
	Minimum pool size: undefined/unknown
	Maximum pool size: undefined/unknown
2025-03-07T00:40:31.750+05:30  INFO 17833 --- [Crud Application] [main] o.h.e.t.j.p.i.JtaPlatformInitiator       : HHH000489: No JTA platform available (set 'hibernate.transaction.jta.platform' to enable JTA platform integration)
2025-03-07T00:40:31.779+05:30  INFO 17833 --- [Crud Application] [main] j.LocalContainerEntityManagerFactoryBean : Initialized JPA EntityManagerFactory for persistence unit 'default'
2025-03-07T00:40:31.997+05:30  INFO 17833 --- [Crud Application] [main] o.s.d.j.r.query.QueryEnhancerFactory     : Hibernate is in classpath; If applicable, HQL parser will be used.
2025-03-07T00:40:32.056+05:30  WARN 17833 --- [Crud Application] [main] JpaBaseConfiguration$JpaWebConfiguration : spring.jpa.open-in-view is enabled by default. Therefore, database queries may be performed during view rendering. Explicitly configure spring.jpa.open-in-view to disable this warning
2025-03-07T00:40:32.391+05:30  INFO 17833 --- [Crud Application] [main] o.s.b.w.embedded.tomcat.TomcatWebServer  : Tomcat started on port 8080 (http) with context path '/'
2025-03-07T00:40:32.400+05:30  INFO 17833 --- [Crud Application] [main] com.curd.demo.Crud.CrudApplication       : Started CrudApplication in 4.368 seconds (process running for 4.749)
2025-03-07T00:40:38.111+05:30  INFO 17833 --- [Crud Application] [http-nio-8080-exec-1] o.a.c.c.C.[Tomcat].[localhost].[/]       : Initializing Spring DispatcherServlet 'dispatcherServlet'
2025-03-07T00:40:38.111+05:30  INFO 17833 --- [Crud Application] [http-nio-8080-exec-1] o.s.web.servlet.DispatcherServlet        : Initializing Servlet 'dispatcherServlet'
2025-03-07T00:40:38.113+05:30  INFO 17833 --- [Crud Application] [http-nio-8080-exec-1] o.s.web.servlet.DispatcherServlet        : Completed initialization in 2 ms
2025-03-07T00:41:51.997+05:30 ERROR 17833 --- [Crud Application] [http-nio-8080-exec-5] c.c.d.C.e.GlobalExceptionHandler         : No static resource api/add-user.
2025-03-07T00:42:23.363+05:30  INFO 17833 --- [Crud Application] [http-nio-8080-exec-7] com.curd.demo.Crud.service.UserService   : User with id null added successfully!
2025-03-07T00:43:45.435+05:30 ERROR 17833 --- [Crud Application] [http-nio-8080-exec-9] c.c.d.C.e.GlobalExceptionHandler         : Could not commit JPA transaction
2025-03-07T00:44:00.655+05:30 ERROR 17833 --- [Crud Application] [http-nio-8080-exec-2] c.c.d.C.e.GlobalExceptionHandler         : Validation failed for classes [com.curd.demo.Crud.model.User] during persist time for groups [jakarta.validation.groups.Default, ]
List of constraint violations:[
	ConstraintViolationImpl{interpolatedMessage='size must be between 8 and 8', propertyPath=password, rootBeanClass=class com.curd.demo.Crud.model.User, messageTemplate='{jakarta.validation.constraints.Size.message}'}
]
2025-03-07T00:44:21.226+05:30  WARN 17833 --- [Crud Application] [http-nio-8080-exec-4] o.h.engine.jdbc.spi.SqlExceptionHelper   : SQL Error: 1048, SQLState: 23000
2025-03-07T00:44:21.226+05:30 ERROR 17833 --- [Crud Application] [http-nio-8080-exec-4] o.h.engine.jdbc.spi.SqlExceptionHelper   : Column 'first_name' cannot be null
2025-03-07T00:44:21.229+05:30 ERROR 17833 --- [Crud Application] [http-nio-8080-exec-4] c.c.d.C.e.GlobalExceptionHandler         : could not execute statement [Column 'first_name' cannot be null] [insert into users (active,created_at,email,last_modified,password,age,first_name,gender,last_name,marital_status,official_address,official_city,company_contact_email,company_contact_no,company_name,official_country,employee_code,official_state,address,city,contact_no_1,contact_no_2,country,state) values (?,?,?,?,?,?,?,?,?,?,?,?,?,?,?,?,?,?,?,?,?,?,?,?)]; SQL [insert into users (active,created_at,email,last_modified,password,age,first_name,gender,last_name,marital_status,official_address,official_city,company_contact_email,company_contact_no,company_name,official_country,employee_code,official_state,address,city,contact_no_1,contact_no_2,country,state) values (?,?,?,?,?,?,?,?,?,?,?,?,?,?,?,?,?,?,?,?,?,?,?,?)]; constraint [null]
